TN:
SF:src\domain\entities\log.entity.ts
FN:22,LogEntity
FN:30,Object.<anonymous>.LogEntity.fromJson
FN:39,Object.<anonymous>.LogEntity.fromObject
FNF:3
FNH:1
FNDA:3,LogEntity
FNDA:0,Object.<anonymous>.LogEntity.fromJson
FNDA:0,Object.<anonymous>.LogEntity.fromObject
DA:1,1
DA:2,1
DA:3,1
DA:4,1
DA:5,1
DA:6,1
DA:7,1
DA:8,1
DA:9,1
DA:10,1
DA:11,1
DA:12,1
DA:13,1
DA:14,1
DA:15,1
DA:16,1
DA:17,1
DA:18,1
DA:19,1
DA:20,1
DA:21,1
DA:22,1
DA:23,3
DA:24,3
DA:25,3
DA:26,3
DA:27,3
DA:28,3
DA:29,1
DA:30,1
DA:31,0
DA:32,0
DA:33,0
DA:34,0
DA:35,0
DA:36,0
DA:37,0
DA:38,1
DA:39,1
DA:40,0
DA:41,0
DA:42,0
DA:43,0
DA:44,0
DA:45,0
DA:46,0
DA:47,0
DA:48,0
DA:49,0
DA:50,1
DA:51,1
LF:51
LH:34
BRDA:2,0,0,1
BRDA:22,1,0,3
BRF:2
BRH:2
end_of_record
TN:
SF:src\domain\uses-cases\checks\check-service.ts
FN:14,CheckService
FN:20,execute
FNF:2
FNH:2
FNDA:1,CheckService
FNDA:4,execute
DA:1,1
DA:2,1
DA:3,1
DA:4,1
DA:5,1
DA:6,1
DA:7,1
DA:8,1
DA:9,1
DA:10,1
DA:11,1
DA:12,1
DA:13,1
DA:14,1
DA:15,1
DA:16,1
DA:17,1
DA:18,1
DA:19,1
DA:20,1
DA:21,4
DA:22,4
DA:23,4
DA:24,4
DA:25,0
DA:26,0
DA:27,3
DA:28,3
DA:29,3
DA:30,3
DA:31,3
DA:32,3
DA:33,3
DA:34,3
DA:35,3
DA:36,3
DA:37,4
DA:38,0
DA:39,0
DA:40,0
DA:41,0
DA:42,0
DA:43,0
DA:44,0
DA:45,0
DA:46,0
DA:47,0
DA:48,0
DA:49,0
DA:50,4
DA:51,1
LF:51
LH:37
BRDA:14,0,0,1
BRDA:20,1,0,4
BRDA:24,2,0,3
BRDA:24,3,0,0
BRDA:27,4,0,3
BRDA:37,5,0,0
BRF:6
BRH:4
end_of_record
