TN:
SF:src\js-foundation\01-template.ts
FNF:0
FNH:0
DA:1,1
DA:2,1
DA:3,1
DA:4,1
DA:5,1
DA:6,1
DA:7,1
DA:8,1
DA:9,1
DA:10,1
DA:11,1
LF:11
LH:11
BRF:0
BRH:0
end_of_record
TN:
SF:src\js-foundation\02-destructuring.ts
FNF:0
FNH:0
DA:1,1
DA:2,1
DA:3,1
DA:4,1
DA:5,1
DA:6,1
DA:7,1
DA:8,1
DA:9,1
DA:10,1
DA:11,1
DA:12,1
LF:12
LH:12
BRF:0
BRH:0
end_of_record
TN:
SF:src\js-foundation\03-callbacks.ts
FN:19,getUserById
FNF:1
FNH:1
FNDA:2,getUserById
DA:1,1
DA:2,1
DA:3,1
DA:4,1
DA:5,1
DA:6,1
DA:7,1
DA:8,1
DA:9,1
DA:10,1
DA:11,1
DA:12,1
DA:13,1
DA:14,1
DA:15,1
DA:16,1
DA:17,1
DA:18,1
DA:19,2
DA:20,2
DA:21,2
DA:22,2
DA:23,1
DA:24,1
DA:25,1
DA:26,1
DA:27,1
DA:28,1
LF:28
LH:28
BRDA:19,0,0,2
BRDA:22,1,0,1
BRDA:20,2,0,3
BRF:3
BRH:3
end_of_record
TN:
SF:src\js-foundation\05-factory.ts
FN:12,buildMakePerson
FNF:1
FNH:1
FNDA:1,buildMakePerson
DA:1,1
DA:2,1
DA:3,1
DA:4,1
DA:5,1
DA:6,1
DA:7,1
DA:8,1
DA:9,1
DA:10,1
DA:11,1
DA:12,1
DA:13,1
DA:14,1
DA:15,1
DA:16,1
DA:17,1
DA:18,1
DA:19,1
DA:20,1
DA:21,1
DA:22,1
LF:22
LH:22
BRDA:12,0,0,1
BRDA:13,1,0,1
BRF:2
BRH:2
end_of_record
TN:
SF:src\js-foundation\06-promises.ts
FN:4,getPokemonById
FNF:1
FNH:1
FNDA:2,getPokemonById
DA:1,1
DA:2,1
DA:3,1
DA:4,1
DA:5,2
DA:6,2
DA:7,2
DA:8,2
DA:9,1
DA:10,1
DA:11,1
DA:12,1
DA:13,2
DA:14,2
DA:15,2
DA:16,2
DA:17,2
DA:18,2
DA:19,2
DA:20,2
DA:21,2
DA:22,2
LF:22
LH:22
BRDA:4,0,0,2
BRDA:4,1,0,2
BRDA:9,2,0,1
BRF:3
BRH:3
end_of_record
TN:
SF:src\plugins\get-age.plugin.ts
FN:3,getAge
FNF:1
FNH:1
FNDA:3,getAge
DA:1,1
DA:2,1
DA:3,1
DA:4,3
DA:5,3
LF:5
LH:5
BRDA:3,0,0,3
BRF:1
BRH:1
end_of_record
TN:
SF:src\plugins\get-id.plugin.ts
FN:4,getUuid
FNF:1
FNH:1
FNDA:1,getUuid
DA:1,1
DA:2,1
DA:3,1
DA:4,1
DA:5,1
DA:6,1
LF:6
LH:6
BRDA:4,0,0,1
BRF:1
BRH:1
end_of_record
TN:
SF:src\plugins\http-client.plugin.ts
FN:4,get
FN:8,post
FN:11,put
FN:14,delete
FNF:4
FNH:1
FNDA:3,get
FNDA:0,post
FNDA:0,put
FNDA:0,delete
DA:1,1
DA:2,1
DA:3,1
DA:4,1
DA:5,3
DA:6,2
DA:7,3
DA:8,1
DA:9,0
DA:10,0
DA:11,1
DA:12,0
DA:13,0
DA:14,1
DA:15,0
DA:16,0
DA:17,1
LF:17
LH:11
BRDA:4,0,0,3
BRDA:4,1,0,3
BRDA:6,2,0,2
BRF:3
BRH:3
end_of_record
TN:
SF:src\plugins\index.ts
FN:1,get
FN:2,get
FN:3,get
FN:4,get
FNF:4
FNH:2
FNDA:0,get
FNDA:1,get
FNDA:3,get
FNDA:0,get
DA:1,1
DA:2,1
DA:3,1
DA:4,1
LF:4
LH:4
BRDA:2,0,0,1
BRDA:3,1,0,3
BRF:2
BRH:2
end_of_record
TN:
SF:src\plugins\logger.plugin.ts
FN:29,buildLogger
FNF:1
FNH:0
FNDA:0,buildLogger
DA:1,1
DA:2,1
DA:3,1
DA:4,1
DA:5,1
DA:6,1
DA:7,1
DA:8,1
DA:9,1
DA:10,1
DA:11,1
DA:12,1
DA:13,1
DA:14,1
DA:15,1
DA:16,1
DA:17,1
DA:18,1
DA:19,1
DA:20,1
DA:21,1
DA:22,1
DA:23,1
DA:24,1
DA:25,1
DA:26,1
DA:27,1
DA:28,1
DA:29,1
DA:30,0
DA:31,0
DA:32,0
DA:33,0
DA:34,0
DA:35,0
DA:36,0
DA:37,0
DA:38,0
DA:39,0
DA:40,0
DA:41,0
DA:42,0
LF:42
LH:29
BRF:0
BRH:0
end_of_record
