{"F:\\Udemy\\CursoNode2024\\04-mutiplication\\src\\domain\\use-cases\\create-table.use-case.ts": {"path":"F:\\Udemy\\CursoNode2024\\04-mutiplication\\src\\domain\\use-cases\\create-table.use-case.ts","all":false,"statementMap":{"0":{"start":{"line":1,"column":0},"end":{"line":1,"column":37}},"1":{"start":{"line":2,"column":0},"end":{"line":2,"column":53}},"2":{"start":{"line":3,"column":0},"end":{"line":3,"column":1}},"3":{"start":{"line":4,"column":0},"end":{"line":4,"column":37}},"4":{"start":{"line":5,"column":0},"end":{"line":5,"column":17}},"5":{"start":{"line":6,"column":0},"end":{"line":6,"column":19}},"6":{"start":{"line":7,"column":0},"end":{"line":7,"column":1}},"7":{"start":{"line":8,"column":0},"end":{"line":8,"column":0}},"8":{"start":{"line":9,"column":0},"end":{"line":9,"column":56}},"9":{"start":{"line":10,"column":0},"end":{"line":10,"column":0}},"10":{"start":{"line":11,"column":0},"end":{"line":11,"column":19}},"11":{"start":{"line":12,"column":0},"end":{"line":12,"column":11}},"12":{"start":{"line":13,"column":0},"end":{"line":13,"column":36}},"13":{"start":{"line":14,"column":0},"end":{"line":14,"column":11}},"14":{"start":{"line":15,"column":0},"end":{"line":15,"column":5}},"15":{"start":{"line":16,"column":0},"end":{"line":16,"column":0}},"16":{"start":{"line":17,"column":0},"end":{"line":17,"column":54}},"17":{"start":{"line":18,"column":0},"end":{"line":18,"column":31}},"18":{"start":{"line":19,"column":0},"end":{"line":19,"column":55}},"19":{"start":{"line":20,"column":0},"end":{"line":20,"column":68}},"20":{"start":{"line":21,"column":0},"end":{"line":21,"column":30}},"21":{"start":{"line":22,"column":0},"end":{"line":22,"column":38}},"22":{"start":{"line":23,"column":0},"end":{"line":23,"column":13}},"23":{"start":{"line":24,"column":0},"end":{"line":24,"column":9}},"24":{"start":{"line":25,"column":0},"end":{"line":25,"column":29}},"25":{"start":{"line":26,"column":0},"end":{"line":26,"column":5}},"26":{"start":{"line":27,"column":0},"end":{"line":27,"column":1}}},"s":{"0":1,"1":1,"2":1,"3":1,"4":1,"5":1,"6":1,"7":1,"8":1,"9":1,"10":1,"11":2,"12":2,"13":2,"14":2,"15":1,"16":1,"17":2,"18":2,"19":19,"20":19,"21":17,"22":17,"23":19,"24":2,"25":2,"26":1},"branchMap":{"0":{"type":"branch","line":11,"loc":{"start":{"line":11,"column":4},"end":{"line":15,"column":5}},"locations":[{"start":{"line":11,"column":4},"end":{"line":15,"column":5}}]},"1":{"type":"branch","line":17,"loc":{"start":{"line":17,"column":4},"end":{"line":26,"column":5}},"locations":[{"start":{"line":17,"column":4},"end":{"line":26,"column":5}}]},"2":{"type":"branch","line":19,"loc":{"start":{"line":19,"column":54},"end":{"line":24,"column":9}},"locations":[{"start":{"line":19,"column":54},"end":{"line":24,"column":9}}]},"3":{"type":"branch","line":21,"loc":{"start":{"line":21,"column":29},"end":{"line":23,"column":13}},"locations":[{"start":{"line":21,"column":29},"end":{"line":23,"column":13}}]}},"b":{"0":[2],"1":[2],"2":[19],"3":[17]},"fnMap":{"0":{"name":"CreateTable","decl":{"start":{"line":11,"column":4},"end":{"line":15,"column":5}},"loc":{"start":{"line":11,"column":4},"end":{"line":15,"column":5}},"line":11},"1":{"name":"execute","decl":{"start":{"line":17,"column":4},"end":{"line":26,"column":5}},"loc":{"start":{"line":17,"column":4},"end":{"line":26,"column":5}},"line":17}},"f":{"0":2,"1":2}}
,"F:\\Udemy\\CursoNode2024\\04-mutiplication\\src\\domain\\use-cases\\save-file.use-case.ts": {"path":"F:\\Udemy\\CursoNode2024\\04-mutiplication\\src\\domain\\use-cases\\save-file.use-case.ts","all":false,"statementMap":{"0":{"start":{"line":1,"column":0},"end":{"line":1,"column":20}},"1":{"start":{"line":2,"column":0},"end":{"line":2,"column":0}},"2":{"start":{"line":3,"column":0},"end":{"line":3,"column":34}},"3":{"start":{"line":4,"column":0},"end":{"line":4,"column":43}},"4":{"start":{"line":5,"column":0},"end":{"line":5,"column":1}},"5":{"start":{"line":6,"column":0},"end":{"line":6,"column":0}},"6":{"start":{"line":7,"column":0},"end":{"line":7,"column":26}},"7":{"start":{"line":8,"column":0},"end":{"line":8,"column":24}},"8":{"start":{"line":9,"column":0},"end":{"line":9,"column":25}},"9":{"start":{"line":10,"column":0},"end":{"line":10,"column":22}},"10":{"start":{"line":11,"column":0},"end":{"line":11,"column":1}},"11":{"start":{"line":12,"column":0},"end":{"line":12,"column":0}},"12":{"start":{"line":13,"column":0},"end":{"line":13,"column":50}},"13":{"start":{"line":14,"column":0},"end":{"line":14,"column":0}},"14":{"start":{"line":15,"column":0},"end":{"line":15,"column":19}},"15":{"start":{"line":16,"column":0},"end":{"line":16,"column":11}},"16":{"start":{"line":17,"column":0},"end":{"line":17,"column":29}},"17":{"start":{"line":18,"column":0},"end":{"line":18,"column":17}},"18":{"start":{"line":19,"column":0},"end":{"line":19,"column":5}},"19":{"start":{"line":20,"column":0},"end":{"line":20,"column":0}},"20":{"start":{"line":21,"column":0},"end":{"line":21,"column":93}},"21":{"start":{"line":22,"column":0},"end":{"line":22,"column":0}},"22":{"start":{"line":23,"column":0},"end":{"line":23,"column":13}},"23":{"start":{"line":24,"column":0},"end":{"line":24,"column":59}},"24":{"start":{"line":25,"column":0},"end":{"line":25,"column":76}},"25":{"start":{"line":26,"column":0},"end":{"line":26,"column":41}},"26":{"start":{"line":27,"column":0},"end":{"line":27,"column":24}},"27":{"start":{"line":28,"column":0},"end":{"line":28,"column":25}},"28":{"start":{"line":29,"column":0},"end":{"line":29,"column":66}},"29":{"start":{"line":30,"column":0},"end":{"line":30,"column":25}},"30":{"start":{"line":31,"column":0},"end":{"line":31,"column":9}},"31":{"start":{"line":32,"column":0},"end":{"line":32,"column":5}},"32":{"start":{"line":33,"column":0},"end":{"line":33,"column":0}},"33":{"start":{"line":34,"column":0},"end":{"line":34,"column":0}},"34":{"start":{"line":35,"column":0},"end":{"line":35,"column":1}}},"s":{"0":1,"1":1,"2":1,"3":1,"4":1,"5":1,"6":1,"7":1,"8":1,"9":1,"10":1,"11":1,"12":1,"13":1,"14":1,"15":2,"16":2,"17":2,"18":2,"19":1,"20":1,"21":2,"22":2,"23":2,"24":2,"25":2,"26":2,"27":2,"28":0,"29":0,"30":0,"31":2,"32":1,"33":1,"34":1},"branchMap":{"0":{"type":"branch","line":15,"loc":{"start":{"line":15,"column":4},"end":{"line":19,"column":5}},"locations":[{"start":{"line":15,"column":4},"end":{"line":19,"column":5}}]},"1":{"type":"branch","line":21,"loc":{"start":{"line":21,"column":4},"end":{"line":32,"column":5}},"locations":[{"start":{"line":21,"column":4},"end":{"line":32,"column":5}}]},"2":{"type":"branch","line":28,"loc":{"start":{"line":28,"column":10},"end":{"line":31,"column":9}},"locations":[{"start":{"line":28,"column":10},"end":{"line":31,"column":9}}]}},"b":{"0":[2],"1":[2],"2":[0]},"fnMap":{"0":{"name":"SaveFile","decl":{"start":{"line":15,"column":4},"end":{"line":19,"column":5}},"loc":{"start":{"line":15,"column":4},"end":{"line":19,"column":5}},"line":15},"1":{"name":"execute","decl":{"start":{"line":21,"column":4},"end":{"line":32,"column":5}},"loc":{"start":{"line":21,"column":4},"end":{"line":32,"column":5}},"line":21}},"f":{"0":2,"1":2}}
}
