TN:
SF:src\domain\use-cases\create-table.use-case.ts
FN:11,CreateTable
FN:17,execute
FNF:2
FNH:2
FNDA:2,CreateTable
FNDA:2,execute
DA:1,1
DA:2,1
DA:3,1
DA:4,1
DA:5,1
DA:6,1
DA:7,1
DA:8,1
DA:9,1
DA:10,1
DA:11,1
DA:12,2
DA:13,2
DA:14,2
DA:15,2
DA:16,1
DA:17,1
DA:18,2
DA:19,2
DA:20,19
DA:21,19
DA:22,17
DA:23,17
DA:24,19
DA:25,2
DA:26,2
DA:27,1
LF:27
LH:27
BRDA:11,0,0,2
BRDA:17,1,0,2
BRDA:19,2,0,19
BRDA:21,3,0,17
BRF:4
BRH:4
end_of_record
TN:
SF:src\domain\use-cases\save-file.use-case.ts
FN:15,SaveFile
FN:21,execute
FNF:2
FNH:2
FNDA:2,SaveFile
FNDA:2,execute
DA:1,1
DA:2,1
DA:3,1
DA:4,1
DA:5,1
DA:6,1
DA:7,1
DA:8,1
DA:9,1
DA:10,1
DA:11,1
DA:12,1
DA:13,1
DA:14,1
DA:15,1
DA:16,2
DA:17,2
DA:18,2
DA:19,2
DA:20,1
DA:21,1
DA:22,2
DA:23,2
DA:24,2
DA:25,2
DA:26,2
DA:27,2
DA:28,2
DA:29,0
DA:30,0
DA:31,0
DA:32,2
DA:33,1
DA:34,1
DA:35,1
LF:35
LH:32
BRDA:15,0,0,2
BRDA:21,1,0,2
BRDA:28,2,0,0
BRF:3
BRH:2
end_of_record
